<?xml version="1.0" encoding="utf-8"?><testsuites name="pytest tests"><testsuite name="pytest" errors="0" failures="1" skipped="0" tests="9" time="5.667" timestamp="2026-08-12T04:29:13.344117+00:00" hostname="agent-env-7eb02051-e513-4ea5-be6b-283e8c0d19d9"><testcase classname="tests.backend_test.TestLeadPulseNewFeatures" name="test_01_root_and_new_settings_defaults" time="0.234" /><testcase classname="tests.backend_test.TestLeadPulseNewFeatures" name="test_02_cumulative_all_time_and_custom_ranges" time="0.163" /><testcase classname="tests.backend_test.TestLeadPulseNewFeatures" name="test_03_cumulative_export_with_partial_range_is_valid_xlsx" time="0.072" /><testcase classname="tests.backend_test.TestLeadPulseNewFeatures" name="test_04_test_leads_are_excluded_with_word_boundary" time="0.219" /><testcase classname="tests.backend_test.TestLeadPulseNewFeatures" name="test_05_disabling_test_filter_persists_and_keeps_all_rows" time="0.230" /><testcase classname="tests.backend_test.TestLeadPulseNewFeatures" name="test_06_sample_report_matrix_and_program_amounts_regression" time="3.487" /><testcase classname="tests.backend_test.TestLeadPulseNewFeatures" name="test_07_publisher_amounts_regression" time="0.111"><failure message="AssertionError: assert {'programs': ...unt': 7}, ...} == {'programs': ...unt': 7}, ...}&#10;  &#10;  Omitting 5 identical items, use -vv to show&#10;  Differing items:&#10;  {'summary': [{'label': 'Total Leads', 'fmt': 'int', 'kind': 'header', 'values': {'Collegedunia': 6341, 'Shiksha': 4389...y', 'kind': 'metric', 'values': {'Collegedunia': 13, 'Shiksha': 14, 'Google Ads': 11, 'Meta Ads': 11, ...}, ...}, ...]} != {'summary': [{'label': 'Total Leads', 'fmt': 'int', 'kind': 'header', 'values': {'Collegedunia': 6341, 'Shiksha': 4389...y', 'kind': 'metric', 'values': {'Collegedunia': 13, 'Shiksha': 14, 'Google Ads': 11, 'Meta Ads': 11, ...}, ...}, ...]}&#10;  &#10;  Full diff:&#10;    {...&#10;  &#10;  ...Full output truncated (743 lines hidden), use '-vv' to show">backend/tests/backend_test.py:339: in test_07_publisher_amounts_regression
    assert doc["result"]["publisher_reports"]["All"] == doc["result"]["publisher_report"]
E   AssertionError: assert {'programs': ...unt': 7}, ...} == {'programs': ...unt': 7}, ...}
E     
E     Omitting 5 identical items, use -vv to show
E     Differing items:
E     {'summary': [{'label': 'Total Leads', 'fmt': 'int', 'kind': 'header', 'values': {'Collegedunia': 6341, 'Shiksha': 4389...y', 'kind': 'metric', 'values': {'Collegedunia': 13, 'Shiksha': 14, 'Google Ads': 11, 'Meta Ads': 11, ...}, ...}, ...]} != {'summary': [{'label': 'Total Leads', 'fmt': 'int', 'kind': 'header', 'values': {'Collegedunia': 6341, 'Shiksha': 4389...y', 'kind': 'metric', 'values': {'Collegedunia': 13, 'Shiksha': 14, 'Google Ads': 11, 'Meta Ads': 11, ...}, ...}, ...]}
E     
E     Full diff:
E       {...
E     
E     ...Full output truncated (743 lines hidden), use '-vv' to show</failure></testcase><testcase classname="tests.backend_test.TestLeadPulseNewFeatures" name="test_08_trends_contains_created_ready_reports" time="0.044" /><testcase classname="tests.backend_test.TestLeadPulseNewFeatures" name="test_09_range_parameters_reject_invalid_dates" time="0.331" /></testsuite></testsuites>