<?xml version="1.0" encoding="utf-8"?><testsuites name="pytest tests"><testsuite name="pytest" errors="0" failures="1" skipped="0" tests="9" time="4.266" timestamp="2026-08-11T10:42:56.559144+00:00" hostname="agent-env-7eb02051-e513-4ea5-be6b-283e8c0d19d9"><testcase classname="tests.backend_test.TestCRMReportAPI" name="test_01_root_and_settings_persistence" time="0.463" /><testcase classname="tests.backend_test.TestCRMReportAPI" name="test_02_create_sample_and_validate_computed_matrix" time="2.203" /><testcase classname="tests.backend_test.TestCRMReportAPI" name="test_03_list_is_newest_first_and_excludes_heavy_fields" time="0.046" /><testcase classname="tests.backend_test.TestCRMReportAPI" name="test_04_export_is_valid_xlsx" time="0.083" /><testcase classname="tests.backend_test.TestCRMReportAPI" name="test_05_patch_amounts_recomputes_money_rows_and_kpis" time="0.045"><failure message="assert 0 == 9.0">tests/backend_test.py:154: in test_05_patch_amounts_recomputes_money_rows_and_kpis
    assert summary["Additional Attributed Applications"]["total"] == 9.0
E   assert 0 == 9.0</failure></testcase><testcase classname="tests.backend_test.TestCRMReportAPI" name="test_06_small_real_xlsx_upload_processes_without_crash" time="0.096" /><testcase classname="tests.backend_test.TestCRMReportAPI" name="test_07_trends_are_ready_sorted_and_contain_kpis" time="0.053" /><testcase classname="tests.backend_test.TestCRMReportAPI" name="test_08_delete_reports_and_verify_404" time="0.224" /><testcase classname="tests.backend_test.TestCRMReportAPI" name="test_09_missing_resource_error_handling" time="0.129" /></testsuite></testsuites>